-------------------------------------------------------------------------------
Test set: TestSuite
-------------------------------------------------------------------------------
Tests run: 2, Failures: 1, Errors: 0, Skipped: 0, Time elapsed: 31.59 s <<< FAILURE! -- in TestSuite
holecek.pavel.MorseCode.CodigoMorseTest.afterTest -- Time elapsed: 4.805 s <<< FAILURE!
org.openqa.selenium.UnsupportedCommandException: 
The requested resource could not be found, or a request was received using an HTTP method that is not supported by the mapped resource
Build info: version: '4.20.0', revision: '866c76ca80'
System info: os.name: 'Linux', os.arch: 'amd64', os.version: '6.8.0-41-generic', java.version: '21.0.4'
Driver info: io.appium.java_client.android.AndroidDriver
Command: [8fa11c48-1ded-4393-ab4b-ba8bd99da58e, close {}]
Capabilities {appium:adbExecTimeout: 60000, appium:appActivity: crc648bbdc909d4b41b63.MainA..., appium:appPackage: holecek.pavel.MorseCode, appium:automationName: UiAutomator2, appium:chromedriverUseSystemExecutable: true, appium:databaseEnabled: false, appium:desired: {adbExecTimeout: 60000, appActivity: crc648bbdc909d4b41b63.MainA..., appPackage: holecek.pavel.MorseCode, automationName: UiAutomator2, chromedriverUseSystemExecutable: true, newCommandTimeout: 60, platformName: ANDROID, platformVersion: 8.1.0, udid: 52032936c0e08321}, appium:deviceApiLevel: 27, appium:deviceManufacturer: samsung, appium:deviceModel: SM-J710MN, appium:deviceName: 52032936c0e08321, appium:deviceScreenDensity: 320, appium:deviceScreenSize: 720x1280, appium:deviceUDID: 52032936c0e08321, appium:javascriptEnabled: true, appium:locationContextEnabled: false, appium:networkConnectionEnabled: true, appium:newCommandTimeout: 60, appium:pixelRatio: 2, appium:platformVersion: 8.1.0, appium:statBarHeight: 48, appium:takesScreenshot: true, appium:udid: 52032936c0e08321, appium:viewportRect: {height: 1232, left: 0, top: 48, width: 720}, appium:warnings: {}, appium:webStorageEnabled: false, platformName: ANDROID}
Session ID: 8fa11c48-1ded-4393-ab4b-ba8bd99da58e
	at java.base/jdk.internal.reflect.DirectConstructorHandleAccessor.newInstance(DirectConstructorHandleAccessor.java:62)
	at java.base/java.lang.reflect.Constructor.newInstanceWithCaller(Constructor.java:502)
	at java.base/java.lang.reflect.Constructor.newInstance(Constructor.java:486)
	at org.openqa.selenium.remote.ErrorCodec.decode(ErrorCodec.java:167)
	at org.openqa.selenium.remote.codec.w3c.W3CHttpResponseCodec.decode(W3CHttpResponseCodec.java:138)
	at org.openqa.selenium.remote.codec.w3c.W3CHttpResponseCodec.decode(W3CHttpResponseCodec.java:50)
	at org.openqa.selenium.remote.HttpCommandExecutor.execute(HttpCommandExecutor.java:190)
	at io.appium.java_client.remote.AppiumCommandExecutor.execute(AppiumCommandExecutor.java:237)
	at org.openqa.selenium.remote.RemoteWebDriver.execute(RemoteWebDriver.java:518)
	at org.openqa.selenium.remote.RemoteWebDriver.execute(RemoteWebDriver.java:591)
	at io.appium.java_client.AppiumDriver.execute(AppiumDriver.java:310)
	at org.openqa.selenium.remote.RemoteWebDriver.close(RemoteWebDriver.java:405)
	at drivers.BrowserFactory.removeDriver(BrowserFactory.java:78)
	at holecek.pavel.MorseCode.CodigoMorseTest.afterTest(CodigoMorseTest.java:41)
	at java.base/jdk.internal.reflect.DirectMethodHandleAccessor.invoke(DirectMethodHandleAccessor.java:103)
	at java.base/java.lang.reflect.Method.invoke(Method.java:580)
	at org.testng.internal.invokers.MethodInvocationHelper.invokeMethod(MethodInvocationHelper.java:141)
	at org.testng.internal.invokers.MethodInvocationHelper.invokeMethodConsideringTimeout(MethodInvocationHelper.java:71)
	at org.testng.internal.invokers.ConfigInvoker.invokeConfigurationMethod(ConfigInvoker.java:400)
	at org.testng.internal.invokers.ConfigInvoker.invokeConfigurations(ConfigInvoker.java:333)
	at org.testng.TestRunner.invokeTestConfigurations(TestRunner.java:655)
	at org.testng.TestRunner.afterRun(TestRunner.java:818)
	at org.testng.TestRunner.run(TestRunner.java:616)
	at org.testng.SuiteRunner.runTest(SuiteRunner.java:421)
	at org.testng.SuiteRunner$SuiteWorker.run(SuiteRunner.java:463)
	at org.testng.internal.thread.ThreadUtil.lambda$execute$0(ThreadUtil.java:64)
	at java.base/java.util.concurrent.FutureTask.run(FutureTask.java:317)
	at java.base/java.util.concurrent.ThreadPoolExecutor.runWorker(ThreadPoolExecutor.java:1144)
	at java.base/java.util.concurrent.ThreadPoolExecutor$Worker.run(ThreadPoolExecutor.java:642)
	at java.base/java.lang.Thread.run(Thread.java:1583)

